<?xml version="1.0" encoding="UTF-8" ?>
<testsuite tests="4" failures="0" name="com.lti.bank.webapp.model.TransactionStatusTest" time="0" errors="0" skipped="0">
  <properties>
[...]
</properties>
  <testcase classname="com.lti.bank.webapp.model.TransactionStatusTest" name="of_NULL" time="0"/>
  <testcase classname="com.lti.bank.webapp.model.TransactionStatusTest" name="of_Error" time="0"/>
  <testcase classname="com.lti.bank.webapp.model.TransactionStatusTest" name="of_DECLINED" time="0"/>
  <testcase classname="com.lti.bank.webapp.model.TransactionStatusTest" name="of_APPROVED" time="0"/>
</testsuite>